ajay manager account 45000
sunil clerk account 25000
varun manager sale 50000
amit manager account 47000
tarun peon sale 15000
deepak clerk sale 23000
sunil peon sale 13000
satvik director purchase 80000ajay manager account 45000
sunil clerk account 25000
varun manager sales 50000
amit manager account 47000
tarun peon sales 15000
deepak clerk sales 23000
sunil peon sales 13000
satvik director purchase 80000ajay manager account 45000
sunil clerk account 25000
varun manager unix 50000
amit manager account 47000
tarun peon unix 15000
deepak clerk unix 23000
sunil peon unix 13000
satvik director purchase 80000ajay manager account 45000
sunil clerk account 25000
varun manager sales 50000
amit manager account 47000
tarun peon sales 15000
deepak clerk sales 23000
sunil peon sales 13000
satvik director purchase 80000ajay manager account 45000
sunil clerk account 25000
varun manager geeks 50000
amit manager account 47000
tarun peon sales 15000
deepak clerk sales 23000
sunil peon sales 13000
satvik director purchase 80000ajay manager account 45000
sunil clerk account 25000
varun manager sales 50000
amit manager account 47000
tarun peon sales 15000
deepak clerk sales 23000
sunil peon sales 13000
satvik director purchase 80000sunil clerk account 25000
tarun peon sales 15000
deepak clerk sales 23000
sunil peon sales 13000
satvik director purchase 80000