a.sh
awk.sh
sed.sh
tar.sh
a.sh
awk.sh
sed.sh
tar.sh
a.sh
awk.sh
sed.sh
tar.sh
-rwxrwxrwx ammulu/ammulu   207 2024-03-05 19:48 awk.sh
a.sh
awk.sh
sed.sh
tar.sh
a.sh
awk.sh
sed.sh
tar.sh
a.sh
awk.sh
sed.sh
tar.sh
-rwxrwxrwx ammulu/ammulu   300 2024-03-05 20:25 a.sh
-rwxrwxrwx ammulu/ammulu   207 2024-03-05 19:48 awk.sh
-rwxrwxrwx ammulu/ammulu   196 2024-03-05 19:53 sed.sh
-rwxrwxrwx ammulu/ammulu   143 2024-03-05 20:53 tar.sh
-rwxrwxrwx ammulu/ammulu   300 2024-03-05 20:25 a.sh
-rwxrwxrwx ammulu/ammulu   207 2024-03-05 19:48 awk.sh
-rwxrwxrwx ammulu/ammulu   196 2024-03-05 19:53 sed.sh
-rwxrwxrwx ammulu/ammulu   143 2024-03-05 20:53 tar.sh
